[0.022s] Invoking command in '/home/user/ros2_ws/build/logs_test': CMAKE_PREFIX_PATH=${CMAKE_PREFIX_PATH}:/home/simulations/ros2_sims_ws/install/services_pkg:/home/simulations/ros2_sims_ws/install/parameter_tests:/opt/ros/humble _=/usr/bin/env /usr/bin/cmake --build /home/user/ros2_ws/build/logs_test -- -j8 -l8
[0.068s] [35m[1mConsolidate compiler generated dependencies of target log_demo[0m
[0.093s] [ 50%] [32mBuilding CXX object CMakeFiles/log_demo.dir/src/logger_example.cpp.o[0m
[2.738s] [01m[K/home/user/ros2_ws/src/logs_test/src/logger_example.cpp:[m[K In function '[01m[Kint main(int, char**)[m[K':
[2.739s] [01m[K/home/user/ros2_ws/src/logs_test/src/logger_example.cpp:8:36:[m[K [01;31m[Kerror: [m[K'[01m[KRCUTILS_LOG_INFO[m[K' was not declared in this scope
[2.739s]     8 |                                    [01;31m[KRCUTILS_LOG_INFO[m[K);
[2.739s]       |                                    [01;31m[K^~~~~~~~~~~~~~~~[m[K
[3.272s] gmake[2]: *** [CMakeFiles/log_demo.dir/build.make:76: CMakeFiles/log_demo.dir/src/logger_example.cpp.o] Error 1
[3.273s] gmake[1]: *** [CMakeFiles/Makefile2:137: CMakeFiles/log_demo.dir/all] Error 2
[3.273s] gmake: *** [Makefile:146: all] Error 2
[3.275s] Invoked command in '/home/user/ros2_ws/build/logs_test' returned '2': CMAKE_PREFIX_PATH=${CMAKE_PREFIX_PATH}:/home/simulations/ros2_sims_ws/install/services_pkg:/home/simulations/ros2_sims_ws/install/parameter_tests:/opt/ros/humble _=/usr/bin/env /usr/bin/cmake --build /home/user/ros2_ws/build/logs_test -- -j8 -l8
