[0.000000] (-) TimerEvent: {}
[0.000616] (-) JobUnselected: {'identifier': 'actions_quiz'}
[0.000819] (-) JobUnselected: {'identifier': 'actions_quiz_msg'}
[0.001169] (-) JobUnselected: {'identifier': 'client_pkg'}
[0.001230] (-) JobUnselected: {'identifier': 'custom_interfaces'}
[0.001261] (-) JobUnselected: {'identifier': 'executors_exercises_pkg'}
[0.001292] (-) JobUnselected: {'identifier': 'exercise42_pkg'}
[0.001332] (-) JobUnselected: {'identifier': 'movement_pkg'}
[0.001370] (-) JobUnselected: {'identifier': 'my_action_client'}
[0.001887] (-) JobUnselected: {'identifier': 'my_action_server'}
[0.002253] (-) JobUnselected: {'identifier': 'my_package'}
[0.002339] (-) JobUnselected: {'identifier': 'services_quiz'}
[0.002419] (-) JobUnselected: {'identifier': 'services_quiz_srv'}
[0.002552] (-) JobUnselected: {'identifier': 'topic_publisher_pkg'}
[0.002608] (-) JobUnselected: {'identifier': 'topic_subscriber_pkg'}
[0.002698] (-) JobUnselected: {'identifier': 'topics_quiz'}
[0.002728] (logs_test) JobQueued: {'identifier': 'logs_test', 'dependencies': OrderedDict()}
[0.002760] (logs_test) JobStarted: {'identifier': 'logs_test'}
[0.083692] (logs_test) JobProgress: {'identifier': 'logs_test', 'progress': 'cmake'}
[0.085278] (logs_test) Command: {'cmd': ['/usr/bin/cmake', '/home/user/ros2_ws/src/logs_test', '-DCMAKE_INSTALL_PREFIX=/home/user/ros2_ws/src/install/logs_test'], 'cwd': '/home/user/ros2_ws/src/build/logs_test', 'env': OrderedDict([('ROS_VERSION', '2'), ('GAZEBO_MASTER_URI', 'http://1_simulation:11345'), ('ROS_PYTHON_VERSION', '3'), ('HOSTNAME', '1_xterm'), ('PWD', '/home/user/ros2_ws/src/build/logs_test'), ('PORT', '4000'), ('NVIDIA_DRIVER_CAPABILITIES', 'all'), ('ROS_IP', ''), ('HOME', '/home/user'), ('GAZEBO_PLUGIN_PATH', '/usr/lib/x86_64-linux-gnu/gazebo-11/plugins:/usr/lib/x86_64-linux-gnu/gazebo-11/plugins:'), ('LANG', 'en_US.UTF-8'), ('GAZEBO_MODEL_DATABASE_URI', 'http://models.gazebosim.org'), ('LS_COLORS', 'rs=0:di=01;34:ln=01;36:mh=00:pi=40;33:so=01;35:do=01;35:bd=40;33;01:cd=40;33;01:or=40;31;01:mi=00:su=37;41:sg=30;43:ca=30;41:tw=30;42:ow=34;42:st=37;44:ex=01;32:*.tar=01;31:*.tgz=01;31:*.arc=01;31:*.arj=01;31:*.taz=01;31:*.lha=01;31:*.lz4=01;31:*.lzh=01;31:*.lzma=01;31:*.tlz=01;31:*.txz=01;31:*.tzo=01;31:*.t7z=01;31:*.zip=01;31:*.z=01;31:*.dz=01;31:*.gz=01;31:*.lrz=01;31:*.lz=01;31:*.lzo=01;31:*.xz=01;31:*.zst=01;31:*.tzst=01;31:*.bz2=01;31:*.bz=01;31:*.tbz=01;31:*.tbz2=01;31:*.tz=01;31:*.deb=01;31:*.rpm=01;31:*.jar=01;31:*.war=01;31:*.ear=01;31:*.sar=01;31:*.rar=01;31:*.alz=01;31:*.ace=01;31:*.zoo=01;31:*.cpio=01;31:*.7z=01;31:*.rz=01;31:*.cab=01;31:*.wim=01;31:*.swm=01;31:*.dwm=01;31:*.esd=01;31:*.jpg=01;35:*.jpeg=01;35:*.mjpg=01;35:*.mjpeg=01;35:*.gif=01;35:*.bmp=01;35:*.pbm=01;35:*.pgm=01;35:*.ppm=01;35:*.tga=01;35:*.xbm=01;35:*.xpm=01;35:*.tif=01;35:*.tiff=01;35:*.png=01;35:*.svg=01;35:*.svgz=01;35:*.mng=01;35:*.pcx=01;35:*.mov=01;35:*.mpg=01;35:*.mpeg=01;35:*.m2v=01;35:*.mkv=01;35:*.webm=01;35:*.webp=01;35:*.ogm=01;35:*.mp4=01;35:*.m4v=01;35:*.mp4v=01;35:*.vob=01;35:*.qt=01;35:*.nuv=01;35:*.wmv=01;35:*.asf=01;35:*.rm=01;35:*.rmvb=01;35:*.flc=01;35:*.avi=01;35:*.fli=01;35:*.flv=01;35:*.gl=01;35:*.dl=01;35:*.xcf=01;35:*.xwd=01;35:*.yuv=01;35:*.cgm=01;35:*.emf=01;35:*.ogv=01;35:*.ogx=01;35:*.aac=00;36:*.au=00;36:*.flac=00;36:*.m4a=00;36:*.mid=00;36:*.midi=00;36:*.mka=00;36:*.mp3=00;36:*.mpc=00;36:*.ogg=00;36:*.ra=00;36:*.wav=00;36:*.oga=00;36:*.opus=00;36:*.spx=00;36:*.xspf=00;36:'), ('AMENT_PREFIX_PATH', '/home/simulations/ros2_sims_ws/install/move_robot_as:/home/simulations/ros2_sims_ws/install/t3_action_msg:/home/simulations/ros2_sims_ws/install/services_pkg:/home/simulations/ros2_sims_ws/install/parameter_tests:/home/simulations/ros2_sims_ws/install/neo_simulation2:/home/simulations/ros2_sims_ws/install/aws_robomaker_small_warehouse_world:/home/user/ros2_ws/install/actions_quiz:/home/user/ros2_ws/install/actions_quiz_msg:/opt/ros/humble'), ('CMAKE_PREFIX_PATH', '/home/simulations/ros2_sims_ws/install/move_robot_as:/home/simulations/ros2_sims_ws/install/t3_action_msg:/home/simulations/ros2_sims_ws/install/neo_simulation2:/home/simulations/ros2_sims_ws/install/aws_robomaker_small_warehouse_world:/home/user/ros2_ws/install/actions_quiz:/home/user/ros2_ws/install/actions_quiz_msg:/home/simulations/ros2_sims_ws/install/services_pkg:/home/simulations/ros2_sims_ws/install/parameter_tests:/opt/ros/humble'), ('GAZEBO_RESOURCE_PATH', '/usr/share/gazebo-11:/usr/share/gazebo-11:/usr/share/gazebo'), ('COLCON_PREFIX_PATH', '/home/simulations/ros2_sims_ws/install:/home/user/ros2_ws/install'), ('GAZEBO_MASTER_PORT', '11345'), ('NVM_DIR', '/usr/local/share/shell/.nvm'), ('LESSCLOSE', '/usr/bin/lesspipe %s %s'), ('PYTHONPATH', '/home/simulations/ros2_sims_ws/install/t3_action_msg/local/lib/python3.10/dist-packages:/home/simulations/ros2_sims_ws/install/services_pkg/lib/python3.10/site-packages:/home/simulations/ros2_sims_ws/install/parameter_tests/lib/python3.10/site-packages:/home/user/ros2_ws/install/actions_quiz_msg/local/lib/python3.10/dist-packages:/opt/ros/humble/lib/python3.10/site-packages:/opt/ros/humble/local/lib/python3.10/dist-packages:/home/simulations/public_sim_ws/src/all/ros_basics_examples/python_course_class:/home/simulations/public_sim_ws/src/ros_basics_examples/python_course_class:/home/simulations/public_sim_ws/src/all/kinematics_course_utils/kinematics'), ('COLCON', '1'), ('TERM', 'xterm-color'), ('LESSOPEN', '| /usr/bin/lesspipe %s'), ('SNAPCRAFT_BUILD_ENVIRONMENT', 'host'), ('GAZEBO_MASTER_HOSTNAME', '1_simulation'), ('_colcon_cd_root', '/home/user/ros2_ws'), ('DISPLAY', ':1'), ('SHLVL', '2'), ('NVM_CD_FLAGS', ''), ('ROS_MASTER_URI', 'http://1_simulation:11311'), ('ROS_HOSTNAME', '1_xterm'), ('LD_LIBRARY_PATH', '/usr/local/cuda-10.2/lib64:/home/user/.catkin_ws_python3/src/TensorRT-7.0.0.11/lib:/home/simulations/ros2_sims_ws/install/t3_action_msg/lib:/home/user/ros2_ws/install/actions_quiz_msg/lib:/opt/ros/humble/opt/rviz_ogre_vendor/lib:/opt/ros/humble/lib/x86_64-linux-gnu:/opt/ros/humble/lib:/usr/local/cuda-10.2/lib64:/home/user/.catkin_ws_python3/src/TensorRT-7.0.0.11/lib::/usr/lib/x86_64-linux-gnu/gazebo-11/plugins::/usr/lib/x86_64-linux-gnu/gazebo-11/plugins:/usr/lib/x86_64-linux-gnu/gazebo-11/plugins:'), ('ROS_LOCALHOST_ONLY', '0'), ('SLOT_SHELL_START_ID', '0'), ('SLOT_PREFIX', '1150e99a-c7a5-48f2-b2ac-18bd45401821'), ('LC_ALL', 'C'), ('SOURCE_ROS1_WS', ''), ('GAZEBO_MODEL_PATH', '/usr/share/gazebo-11/models:/home/simulations/ros2_sims_ws/install/aws_robomaker_small_warehouse_world/share/aws_robomaker_small_warehouse_world/worlds:/home/simulations/ros2_sims_ws/install/aws_robomaker_small_warehouse_world/share/aws_robomaker_small_warehouse_world/models:/usr/share/gazebo-11/models:/usr/share/gazebo-9/models:/usr/share/gazebo/models_robox'), ('SLOT_JENKINS_PORT', '25081'), ('SLOT_SYSTEMD', 'False'), ('PATH', '/opt/ros/humble/bin:/usr/local/share/shell/.nvm/versions/node/v8.17.0/bin:/usr/local/sbin:/usr/local/bin:/usr/sbin:/usr/bin:/sbin:/bin:/home/user/.cargo/bin:/home/user/.cargo/bin'), ('SELECTED_ROS_DISTRO', 'humble'), ('NVM_BIN', '/usr/local/share/shell/.nvm/versions/node/v8.17.0/bin'), ('NODE_VERSION', 'v8.17.0'), ('DEBIAN_FRONTEND', 'noninteractive'), ('ROS_DISTRO', 'humble'), ('GAZEBO_VERBOSE', '0'), ('OGRE_RESOURCE_PATH', '/usr/lib/x86_64-linux-gnu/OGRE-1.9.0'), ('OLDPWD', '/home/user/ros2_ws'), ('SOURCE_ROS2_WS', 'True'), ('SLOT_ROSBRIDGE_PORT', '20001'), ('_', '/usr/bin/env')]), 'shell': False}
[0.099684] (-) TimerEvent: {}
[0.199934] (-) TimerEvent: {}
[0.300262] (-) TimerEvent: {}
[0.391459] (logs_test) StdoutLine: {'line': b'-- The C compiler identification is GNU 11.2.0\n'}
[0.400371] (-) TimerEvent: {}
[0.500776] (-) TimerEvent: {}
[0.577651] (logs_test) StdoutLine: {'line': b'-- The CXX compiler identification is GNU 11.2.0\n'}
[0.600931] (-) TimerEvent: {}
[0.601934] (logs_test) StdoutLine: {'line': b'-- Detecting C compiler ABI info\n'}
[0.694248] (logs_test) StdoutLine: {'line': b'-- Detecting C compiler ABI info - done\n'}
[0.701023] (-) TimerEvent: {}
[0.705639] (logs_test) StdoutLine: {'line': b'-- Check for working C compiler: /usr/bin/cc - skipped\n'}
[0.705877] (logs_test) StdoutLine: {'line': b'-- Detecting C compile features\n'}
[0.706896] (logs_test) StdoutLine: {'line': b'-- Detecting C compile features - done\n'}
[0.711989] (logs_test) StdoutLine: {'line': b'-- Detecting CXX compiler ABI info\n'}
[0.799136] (logs_test) StdoutLine: {'line': b'-- Detecting CXX compiler ABI info - done\n'}
[0.801098] (-) TimerEvent: {}
[0.808098] (logs_test) StdoutLine: {'line': b'-- Check for working CXX compiler: /usr/bin/c++ - skipped\n'}
[0.808336] (logs_test) StdoutLine: {'line': b'-- Detecting CXX compile features\n'}
[0.808778] (logs_test) StdoutLine: {'line': b'-- Detecting CXX compile features - done\n'}
[0.823825] (logs_test) StdoutLine: {'line': b'-- Found ament_cmake: 1.3.2 (/opt/ros/humble/share/ament_cmake/cmake)\n'}
[0.901207] (-) TimerEvent: {}
[1.001492] (-) TimerEvent: {}
[1.022458] (logs_test) StdoutLine: {'line': b'-- Found Python3: /usr/bin/python3.10 (found version "3.10.6") found components: Interpreter \n'}
[1.101605] (-) TimerEvent: {}
[1.201893] (-) TimerEvent: {}
[1.212517] (logs_test) StdoutLine: {'line': b'-- Found rclcpp: 16.0.1 (/opt/ros/humble/share/rclcpp/cmake)\n'}
[1.302010] (-) TimerEvent: {}
[1.356767] (logs_test) StdoutLine: {'line': b'-- Found rosidl_generator_c: 3.1.3 (/opt/ros/humble/share/rosidl_generator_c/cmake)\n'}
[1.373603] (logs_test) StdoutLine: {'line': b'-- Found rosidl_adapter: 3.1.3 (/opt/ros/humble/share/rosidl_adapter/cmake)\n'}
[1.397533] (logs_test) StdoutLine: {'line': b'-- Found rosidl_generator_cpp: 3.1.3 (/opt/ros/humble/share/rosidl_generator_cpp/cmake)\n'}
[1.402082] (-) TimerEvent: {}
[1.435365] (logs_test) StdoutLine: {'line': b'-- Using all available rosidl_typesupport_c: rosidl_typesupport_fastrtps_c;rosidl_typesupport_introspection_c\n'}
[1.482555] (logs_test) StdoutLine: {'line': b'-- Using all available rosidl_typesupport_cpp: rosidl_typesupport_fastrtps_cpp;rosidl_typesupport_introspection_cpp\n'}
[1.502181] (-) TimerEvent: {}
[1.582969] (logs_test) CommandEnded: {'returncode': -2}
[1.590873] (logs_test) StderrLine: {'line': b'Traceback (most recent call last):\n  File "/usr/lib/python3/dist-packages/colcon_parallel_executor/executor/parallel.py", line 67, in execute\n    loop.run_until_complete(future)\n  File "/usr/lib/python3.10/asyncio/base_events.py", line 633, in run_until_complete\n    self.run_forever()\n  File "/usr/lib/python3.10/asyncio/base_events.py", line 600, in run_forever\n    self._run_once()\n  File "/usr/lib/python3.10/asyncio/base_events.py", line 1860, in _run_once\n    event_list = self._selector.select(timeout)\n  File "/usr/lib/python3.10/selectors.py", line 469, in select\n    fd_event_list = self._selector.poll(timeout, max_ev)\nKeyboardInterrupt\n\nDuring handling of the above exception, another exception occurred:\n\nTraceback (most recent call last):\n  File "/usr/lib/python3/dist-packages/colcon_core/executor/__init__.py", line 91, in __call__\n    rc = await self.task(*args, **kwargs)\n  File "/usr/lib/python3/dist-packages/colcon_core/task/__init__.py", line 93, in __call__\n    return await task_method(*args, **kwargs)\n  File "/usr/lib/python3/dist-packages/colcon_ros/task/ament_cmake/build.py", line 59, in build\n    rc = await extension.build(\n  File "/usr/lib/python3/dist-packages/colcon_cmake/task/cmake/build.py", line 87, in build\n    rc = await self._reconfigure(args, env)\n  File "/usr/lib/python3/dist-packages/colcon_cmake/task/cmake/build.py", line 182, in _reconfigure\n    buildfile = get_buildfile(cmake_cache)\n  File "/usr/lib/python3/dist-packages/colcon_cmake/task/cmake/__init__.py", line 112, in get_buildfile\n    if \'Ninja\' in generator:\nTypeError: argument of type \'NoneType\' is not iterable\n'}
[1.591092] (logs_test) JobEnded: {'identifier': 'logs_test', 'rc': 'SIGINT'}
[1.601500] (-) EventReactorShutdown: {}
